<testsuite failures="0" name="src/main/java/com/an/qa/Features/userDetails1.feature" skipped="0" tests="2" time="14.576079">
  <testcase classname="src.main.java.com.an.qa.Features.userDetails1" name="Request user 1 with get Call" time="12.837589">
    <system-out>* def expectedOutput = read ('../resourses/result.json') .................. passed
* def sleep = ............................................................. passed
Given url 'https://reqres.in/api/users/2' ................................. passed
When method GET ........................................................... passed
Then status 200 ........................................................... passed
Then print response ....................................................... passed
And match response == expectedOutput[0] ................................... passed
* call sleep 10 ........................................................... passed</system-out>
  </testcase>
  <testcase classname="src.main.java.com.an.qa.Features.userDetails1" name="Request user 1 with get Call 1" time="1.73849">
    <system-out>* def expectedOutput = read ('../resourses/result.json') .................. passed
* def sleep = ............................................................. passed
Given url 'https://reqres.in/api/users/2' ................................. passed
When method GET ........................................................... passed
Then status 200 ........................................................... passed
Then print response ....................................................... passed
And match response == expectedOutput[0] ................................... passed
* call sleep 10 ........................................................... passed
* def expectedOutput = read ('../resourses/result.json') .................. passed
* def sleep = ............................................................. passed
Given url 'https://reqres.in/api/users/2' ................................. passed
When method GET ........................................................... passed
Then status 200 ........................................................... passed
Then print response ....................................................... passed
And match response == expectedOutput[0] ................................... passed</system-out>
  </testcase>
</testsuite>
