<testsuite failures="0" name="src/main/java/com/an/qa/Features/userDetailsPost.feature" skipped="0" tests="1" time="5.218957">
  <testcase classname="src.main.java.com.an.qa.Features.userDetailsPost" name="create user details" time="5.218957">
    <system-out>* url 'https://reqres.in/api/users' ....................................... passed
* def req = read ('../resourses/request.json') ............................ passed
And request req ........................................................... passed
And headers { Content-Type : 'application/json', Accept : 'application/json'} . passed
And param delay = 3 ....................................................... passed
When method post .......................................................... passed
Then status 201 ........................................................... passed
Then print response ....................................................... passed</system-out>
  </testcase>
</testsuite>
